0 info it worked if it ends with ok
1 verbose cli [ 'C:\\Program Files\\nodejs\\node.exe',
1 verbose cli   'C:\\Program Files\\nodejs\\node_modules\\npm\\bin\\npm-cli.js',
1 verbose cli   'start' ]
2 info using npm@3.10.10
3 info using node@v6.11.3
4 verbose run-script [ 'prestart', 'start', 'poststart' ]
5 info lifecycle node-postgres-promises@0.0.0~prestart: node-postgres-promises@0.0.0
6 silly lifecycle node-postgres-promises@0.0.0~prestart: no script for prestart, continuing
7 info lifecycle node-postgres-promises@0.0.0~start: node-postgres-promises@0.0.0
8 verbose lifecycle node-postgres-promises@0.0.0~start: unsafe-perm in lifecycle true
9 verbose lifecycle node-postgres-promises@0.0.0~start: PATH: C:\Program Files\nodejs\node_modules\npm\bin\node-gyp-bin;C:\Users\Chee Keat\Desktop\Projects\rest-quepro\node_modules\.bin;C:\Program Files\Python36\Scripts\;C:\Program Files\Python36\;C:\Program Files (x86)\Python36-32\Scripts\;C:\Program Files (x86)\Python36-32\;C:\Program Files (x86)\Microsoft SDKs\Azure\CLI2\wbin;C:\oraclexe\app\oracle\product\11.2.0\server\bin;C:\ProgramData\Oracle\Java\javapath;C:\Program Files (x86)\Intel\iCLS Client\;C:\Program Files\Intel\iCLS Client\;C:\Windows\system32;C:\Windows;C:\Windows\System32\Wbem;C:\Windows\System32\WindowsPowerShell\v1.0\;C:\Program Files (x86)\Intel\Intel(R) Management Engine Components\DAL;C:\Program Files\Intel\Intel(R) Management Engine Components\DAL;C:\Program Files (x86)\Intel\Intel(R) Management Engine Components\IPT;C:\Program Files\Intel\Intel(R) Management Engine Components\IPT;C:\Program Files (x86)\NVIDIA Corporation\PhysX\Common;C:\WINDOWS\system32;C:\WINDOWS;C:\WINDOWS\System32\Wbem;C:\WINDOWS\System32\WindowsPowerShell\v1.0\;C:\Program Files (x86)\Yarn\bin;C:\Program Files\TortoiseSVN\bin;C:\Program Files\Git\cmd;C:\HashiCorp\Vagrant\bin;C:\Program Files\Microsoft SQL Server\120\Tools\Binn\;C:\Program Files\MySQL\MySQL Utilities 1.6\;C:\Program Files (x86)\Skype\Phone\;C:\Program Files\CMake\bin;C:\Program Files\nodejs\;C:\Users\Chee Keat\AppData\Local\Microsoft\WindowsApps;C:\Users\Chee Keat\AppData\Local\Yarn\.bin;C:\Program Files\Heroku\bin;C:\Program Files (x86)\Python36-32;C:\Program Files (x86)\mingw-w64\i686-7.1.0-posix-dwarf-rt_v5-rev2\mingw32\bin;C:\Users\Chee Keat\AppData\Roaming\npm
10 verbose lifecycle node-postgres-promises@0.0.0~start: CWD: C:\Users\Chee Keat\Desktop\Projects\rest-quepro
11 silly lifecycle node-postgres-promises@0.0.0~start: Args: [ '/d /s /c', 'node ./bin/www' ]
12 silly lifecycle node-postgres-promises@0.0.0~start: Returned: code: 1  signal: null
13 info lifecycle node-postgres-promises@0.0.0~start: Failed to exec start script
14 verbose stack Error: node-postgres-promises@0.0.0 start: `node ./bin/www`
14 verbose stack Exit status 1
14 verbose stack     at EventEmitter.<anonymous> (C:\Program Files\nodejs\node_modules\npm\lib\utils\lifecycle.js:255:16)
14 verbose stack     at emitTwo (events.js:106:13)
14 verbose stack     at EventEmitter.emit (events.js:191:7)
14 verbose stack     at ChildProcess.<anonymous> (C:\Program Files\nodejs\node_modules\npm\lib\utils\spawn.js:40:14)
14 verbose stack     at emitTwo (events.js:106:13)
14 verbose stack     at ChildProcess.emit (events.js:191:7)
14 verbose stack     at maybeClose (internal/child_process.js:920:16)
14 verbose stack     at Process.ChildProcess._handle.onexit (internal/child_process.js:230:5)
15 verbose pkgid node-postgres-promises@0.0.0
16 verbose cwd C:\Users\Chee Keat\Desktop\Projects\rest-quepro
17 error Windows_NT 10.0.14393
18 error argv "C:\\Program Files\\nodejs\\node.exe" "C:\\Program Files\\nodejs\\node_modules\\npm\\bin\\npm-cli.js" "start"
19 error node v6.11.3
20 error npm  v3.10.10
21 error code ELIFECYCLE
22 error node-postgres-promises@0.0.0 start: `node ./bin/www`
22 error Exit status 1
23 error Failed at the node-postgres-promises@0.0.0 start script 'node ./bin/www'.
23 error Make sure you have the latest version of node.js and npm installed.
23 error If you do, this is most likely a problem with the node-postgres-promises package,
23 error not with npm itself.
23 error Tell the author that this fails on your system:
23 error     node ./bin/www
23 error You can get information on how to open an issue for this project with:
23 error     npm bugs node-postgres-promises
23 error Or if that isn't available, you can get their info via:
23 error     npm owner ls node-postgres-promises
23 error There is likely additional logging output above.
24 verbose exit [ 1, true ]
